[debug] [2025-10-24T19:18:27.008Z] ----------------------------------------------------------------------
[debug] [2025-10-24T19:18:27.011Z] Command:       C:\nodejs\node.exe C:\nodejs\node_modules\firebase-tools\lib\bin\firebase.js emulators:start --only functions
[debug] [2025-10-24T19:18:27.012Z] CLI Version:   14.22.0
[debug] [2025-10-24T19:18:27.012Z] Platform:      win32
[debug] [2025-10-24T19:18:27.012Z] Node Version:  v22.20.0
[debug] [2025-10-24T19:18:27.012Z] Time:          Fri Oct 24 2025 16:18:27 GMT-0300 (Horário Padrão de Brasília)
[debug] [2025-10-24T19:18:27.012Z] ----------------------------------------------------------------------
[debug] 
[debug] [2025-10-24T19:18:27.270Z] > command requires scopes: ["email","openid","https://www.googleapis.com/auth/cloudplatformprojects.readonly","https://www.googleapis.com/auth/firebase","https://www.googleapis.com/auth/cloud-platform"]
[debug] [2025-10-24T19:18:27.270Z] > authorizing via signed-in user (g.genaro.contato@gmail.com)
[info] i  emulators: Starting emulators: functions {"metadata":{"emulator":{"name":"hub"},"message":"Starting emulators: functions"}}
[debug] [2025-10-24T19:18:27.280Z] [logging] Logging Emulator only supports listening on one address (127.0.0.1). Not listening on ::1
[debug] [2025-10-24T19:18:27.280Z] assigned listening specs for emulators {"user":{"hub":[{"address":"127.0.0.1","family":"IPv4","port":4400},{"address":"::1","family":"IPv6","port":4400}],"ui":[{"address":"127.0.0.1","family":"IPv4","port":4000},{"address":"::1","family":"IPv6","port":4000}],"logging":[{"address":"127.0.0.1","family":"IPv4","port":4500}]},"metadata":{"message":"assigned listening specs for emulators"}}
[debug] [2025-10-24T19:18:27.285Z] Emulator locator file path: C:\Users\GABRIE~1\AppData\Local\Temp\hub-e-commerce-3a1e7.json
[debug] [2025-10-24T19:18:27.285Z] [hub] writing locator at C:\Users\GABRIE~1\AppData\Local\Temp\hub-e-commerce-3a1e7.json
[debug] [2025-10-24T19:18:27.308Z] [functions] Functions Emulator only supports listening on one address (127.0.0.1). Not listening on ::1
[debug] [2025-10-24T19:18:27.309Z] [eventarc] Eventarc Emulator only supports listening on one address (127.0.0.1). Not listening on ::1
[debug] [2025-10-24T19:18:27.309Z] [tasks] Cloud Tasks Emulator only supports listening on one address (127.0.0.1). Not listening on ::1
[debug] [2025-10-24T19:18:27.309Z] late-assigned ports for functions and eventarc emulators {"user":{"hub":[{"address":"127.0.0.1","family":"IPv4","port":4400},{"address":"::1","family":"IPv6","port":4400}],"ui":[{"address":"127.0.0.1","family":"IPv4","port":4000},{"address":"::1","family":"IPv6","port":4000}],"logging":[{"address":"127.0.0.1","family":"IPv4","port":4500}],"functions":[{"address":"127.0.0.1","family":"IPv4","port":5001}],"eventarc":[{"address":"127.0.0.1","family":"IPv4","port":9299}],"tasks":[{"address":"127.0.0.1","family":"IPv4","port":9499}]},"metadata":{"message":"late-assigned ports for functions and eventarc emulators"}}
[warn] !  functions: The following emulators are not running, calls to these services from the Functions emulator will affect production: apphosting, auth, firestore, database, hosting, pubsub, storage, dataconnect {"metadata":{"emulator":{"name":"functions"},"message":"The following emulators are not running, calls to these services from the Functions emulator will affect production: \u001b[1mapphosting, auth, firestore, database, hosting, pubsub, storage, dataconnect\u001b[22m"}}
[debug] [2025-10-24T19:18:27.323Z] defaultcredentials: writing to file C:\Users\Gabriel Genaro\AppData\Roaming\firebase\g_genaro.contato_gmail.com_application_default_credentials.json
[debug] [2025-10-24T19:18:27.325Z] Setting GAC to C:\Users\Gabriel Genaro\AppData\Roaming\firebase\g_genaro.contato_gmail.com_application_default_credentials.json {"metadata":{"emulator":{"name":"functions"},"message":"Setting GAC to C:\\Users\\Gabriel Genaro\\AppData\\Roaming\\firebase\\g_genaro.contato_gmail.com_application_default_credentials.json"}}
[debug] [2025-10-24T19:18:27.326Z] Checked if tokens are valid: true, expires at: 1761336053569
[debug] [2025-10-24T19:18:27.326Z] Checked if tokens are valid: true, expires at: 1761336053569
[debug] [2025-10-24T19:18:27.328Z] >>> [apiv2][query] GET https://firebase.googleapis.com/v1beta1/projects/e-commerce-3a1e7/adminSdkConfig [none]
[debug] [2025-10-24T19:18:28.875Z] <<< [apiv2][status] GET https://firebase.googleapis.com/v1beta1/projects/e-commerce-3a1e7/adminSdkConfig 200
[debug] [2025-10-24T19:18:28.875Z] <<< [apiv2][body] GET https://firebase.googleapis.com/v1beta1/projects/e-commerce-3a1e7/adminSdkConfig {"projectId":"e-commerce-3a1e7","storageBucket":"e-commerce-3a1e7.firebasestorage.app"}
[info] i  functions: Watching "C:\Users\Gabriel Genaro\Desktop\Projeto-Curso\ecommerce-api\functions" for Cloud Functions... {"metadata":{"emulator":{"name":"functions"},"message":"Watching \"C:\\Users\\Gabriel Genaro\\Desktop\\Projeto-Curso\\ecommerce-api\\functions\" for Cloud Functions..."}}
[debug] [2025-10-24T19:18:28.909Z] Validating nodejs source
[debug] [2025-10-24T19:18:31.417Z] > [functions] package.json contents: {
  "name": "ecommerce-api",
  "version": "1.0.0",
  "main": "./lib/index.js",
  "type": "module",
  "scripts": {
    "lint": "npx eslint .",
    "build": "tsc",
    "build:watch": "tsc --watch",
    "start": "firebase emulators:start --only functions",
    "deploy": "npm run lint && npm run build && firebase deploy --only functions",
    "logs": "firebase functions:log"
  },
  "engines": {
    "node": "22"
  },
  "dependencies": {
    "celebrate": "^15.0.3",
    "dayjs": "^1.11.18",
    "express": "^5.1.0",
    "express-async-handler": "^1.2.0",
    "file-type": "^21.0.0",
    "firebase": "^12.3.0",
    "firebase-admin": "^13.5.0",
    "firebase-functions": "^6.0.1"
  },
  "devDependencies": {
    "@eslint/js": "^9.38.0",
    "@types/express": "^5.0.3",
    "@types/node": "^24.6.1",
    "eslint": "^9.38.0",
    "firebase-functions-test": "^3.1.0",
    "typescript": "^5.9.3",
    "typescript-eslint": "^8.46.2"
  },
  "private": true
}
[debug] [2025-10-24T19:18:31.417Z] Building nodejs source
[debug] [2025-10-24T19:18:31.417Z] Failed to find version of module node: reached end of search path C:\Users\Gabriel Genaro\Desktop\Projeto-Curso\ecommerce-api\functions\node_modules
[info] +  functions: Using node@22 from host. 
[info] i  functions: Loaded environment variables from .env. 
[debug] [2025-10-24T19:18:31.422Z] Could not find functions.yaml. Must use http discovery
[debug] [2025-10-24T19:18:31.433Z] Found firebase-functions binary at 'C:\Users\Gabriel Genaro\Desktop\Projeto-Curso\ecommerce-api\functions\node_modules\.bin\firebase-functions'
[info] Serving at port 8676

[debug] [2025-10-24T19:18:33.126Z] Got response from /__/functions.yaml {"endpoints":{"api":{"platform":"gcfv1","availableMemoryMb":null,"timeoutSeconds":null,"minInstances":null,"maxInstances":null,"ingressSettings":null,"serviceAccountEmail":null,"vpc":null,"httpsTrigger":{},"entryPoint":"api"}},"specVersion":"v1alpha1","requiredAPIs":[],"extensions":{}}
[info] +  functions: Loaded functions definitions from source: api. {"metadata":{"emulator":{"name":"functions"},"message":"Loaded functions definitions from source: api."}}
[info] +  functions[us-central1-api]: http function initialized (http://127.0.0.1:5001/e-commerce-3a1e7/us-central1/api). {"metadata":{"emulator":{"name":"functions"},"message":"\u001b[1mhttp\u001b[22m function initialized (http://127.0.0.1:5001/e-commerce-3a1e7/us-central1/api)."}}
[debug] [2025-10-24T19:18:37.186Z] Could not find VSCode notification endpoint: FetchError: request to http://localhost:40001/vscode/notify failed, reason: . If you are not running the Firebase Data Connect VSCode extension, this is expected and not an issue.
[info] 
┌─────────────────────────────────────────────────────────────┐
│ ✔  All emulators ready! It is now safe to connect your app. │
│ i  View Emulator UI at http://127.0.0.1:4000/               │
└─────────────────────────────────────────────────────────────┘

┌───────────┬────────────────┬─────────────────────────────────┐
│ Emulator  │ Host:Port      │ View in Emulator UI             │
├───────────┼────────────────┼─────────────────────────────────┤
│ Functions │ 127.0.0.1:5001 │ http://127.0.0.1:4000/functions │
└───────────┴────────────────┴─────────────────────────────────┘
  Emulator Hub host: 127.0.0.1 port: 4400
  Other reserved ports: 4500

Issues? Report them at https://github.com/firebase/firebase-tools/issues and attach the *-debug.log files.
 
[debug] [2025-10-24T19:28:51.103Z] [work-queue] {"queuedWork":["/e-commerce-3a1e7/us-central1/api/auth/login-2025-10-24T19:28:51.103Z"],"queueLength":1,"runningWork":[],"workRunningCount":0}
[debug] [2025-10-24T19:28:51.104Z] [work-queue] {"queuedWork":[],"queueLength":0,"runningWork":["/e-commerce-3a1e7/us-central1/api/auth/login-2025-10-24T19:28:51.103Z"],"workRunningCount":1}
[debug] [2025-10-24T19:28:51.104Z] Accepted request POST /e-commerce-3a1e7/us-central1/api/auth/login --> us-central1-api
[debug] [2025-10-24T19:28:51.107Z] [functions] Runtime ready! Sending request! {"metadata":{"emulator":{"name":"functions"},"message":"[functions] Runtime ready! Sending request!"}}
[debug] [2025-10-24T19:28:51.107Z] [functions] Got req.url=/e-commerce-3a1e7/us-central1/api/auth/login, mapping to path=/auth/login {"metadata":{"emulator":{"name":"functions"},"message":"[functions] Got req.url=/e-commerce-3a1e7/us-central1/api/auth/login, mapping to path=/auth/login"}}
[info] i  functions: Loaded environment variables from .env. 
[debug] [2025-10-24T19:28:51.122Z] [worker-pool] addWorker(us-central1-api) {"metadata":{"emulator":{"name":"functions"},"message":"[worker-pool] addWorker(us-central1-api)"}}
[debug] [2025-10-24T19:28:51.124Z] [worker-pool] Adding worker with key us-central1-api, total=1 {"metadata":{"emulator":{"name":"functions"},"message":"[worker-pool] Adding worker with key us-central1-api, total=1"}}
[debug] [2025-10-24T19:28:52.347Z] [runtime-status] [12120] Resolved module firebase-admin {"declared":true,"installed":true,"version":"13.5.0","resolution":"C:\\Users\\Gabriel Genaro\\Desktop\\Projeto-Curso\\ecommerce-api\\functions\\node_modules\\firebase-admin\\lib\\index.js"} {"metadata":{"emulator":{"name":"functions"},"function":{"name":"us-central1-api"},"extension":{},"message":"[runtime-status] [12120] Resolved module firebase-admin {\"declared\":true,\"installed\":true,\"version\":\"13.5.0\",\"resolution\":\"C:\\\\Users\\\\Gabriel Genaro\\\\Desktop\\\\Projeto-Curso\\\\ecommerce-api\\\\functions\\\\node_modules\\\\firebase-admin\\\\lib\\\\index.js\"}"}}
[debug] [2025-10-24T19:28:52.348Z] [runtime-status] [12120] Resolved module firebase-functions {"declared":true,"installed":true,"version":"6.6.0","resolution":"C:\\Users\\Gabriel Genaro\\Desktop\\Projeto-Curso\\ecommerce-api\\functions\\node_modules\\firebase-functions\\lib\\v2\\index.js"} {"metadata":{"emulator":{"name":"functions"},"function":{"name":"us-central1-api"},"extension":{},"message":"[runtime-status] [12120] Resolved module firebase-functions {\"declared\":true,\"installed\":true,\"version\":\"6.6.0\",\"resolution\":\"C:\\\\Users\\\\Gabriel Genaro\\\\Desktop\\\\Projeto-Curso\\\\ecommerce-api\\\\functions\\\\node_modules\\\\firebase-functions\\\\lib\\\\v2\\\\index.js\"}"}}
[debug] [2025-10-24T19:28:52.348Z] [runtime-status] [12120] Outgoing network have been stubbed. [{"name":"http","status":"mocked"},{"name":"http","status":"mocked"},{"name":"https","status":"mocked"},{"name":"https","status":"mocked"},{"name":"net","status":"mocked"}] {"metadata":{"emulator":{"name":"functions"},"function":{"name":"us-central1-api"},"extension":{},"message":"[runtime-status] [12120] Outgoing network have been stubbed. [{\"name\":\"http\",\"status\":\"mocked\"},{\"name\":\"http\",\"status\":\"mocked\"},{\"name\":\"https\",\"status\":\"mocked\"},{\"name\":\"https\",\"status\":\"mocked\"},{\"name\":\"net\",\"status\":\"mocked\"}]"}}
[debug] [2025-10-24T19:28:52.349Z] [runtime-status] [12120] Resolved module firebase-functions {"declared":true,"installed":true,"version":"6.6.0","resolution":"C:\\Users\\Gabriel Genaro\\Desktop\\Projeto-Curso\\ecommerce-api\\functions\\node_modules\\firebase-functions\\lib\\v2\\index.js"} {"metadata":{"emulator":{"name":"functions"},"function":{"name":"us-central1-api"},"extension":{},"message":"[runtime-status] [12120] Resolved module firebase-functions {\"declared\":true,\"installed\":true,\"version\":\"6.6.0\",\"resolution\":\"C:\\\\Users\\\\Gabriel Genaro\\\\Desktop\\\\Projeto-Curso\\\\ecommerce-api\\\\functions\\\\node_modules\\\\firebase-functions\\\\lib\\\\v2\\\\index.js\"}"}}
[debug] [2025-10-24T19:28:52.816Z] [runtime-status] [12120] Checked functions.config() {"config":{}} {"metadata":{"emulator":{"name":"functions"},"function":{"name":"us-central1-api"},"extension":{},"message":"[runtime-status] [12120] Checked functions.config() {\"config\":{}}"}}
[debug] [2025-10-24T19:28:52.816Z] [runtime-status] [12120] firebase-functions has been stubbed. {"functionsResolution":{"declared":true,"installed":true,"version":"6.6.0","resolution":"C:\\Users\\Gabriel Genaro\\Desktop\\Projeto-Curso\\ecommerce-api\\functions\\node_modules\\firebase-functions\\lib\\v2\\index.js"}} {"metadata":{"emulator":{"name":"functions"},"function":{"name":"us-central1-api"},"extension":{},"message":"[runtime-status] [12120] firebase-functions has been stubbed. {\"functionsResolution\":{\"declared\":true,\"installed\":true,\"version\":\"6.6.0\",\"resolution\":\"C:\\\\Users\\\\Gabriel Genaro\\\\Desktop\\\\Projeto-Curso\\\\ecommerce-api\\\\functions\\\\node_modules\\\\firebase-functions\\\\lib\\\\v2\\\\index.js\"}}"}}
[debug] [2025-10-24T19:28:52.817Z] [runtime-status] [12120] Resolved module firebase-functions {"declared":true,"installed":true,"version":"6.6.0","resolution":"C:\\Users\\Gabriel Genaro\\Desktop\\Projeto-Curso\\ecommerce-api\\functions\\node_modules\\firebase-functions\\lib\\v2\\index.js"} {"metadata":{"emulator":{"name":"functions"},"function":{"name":"us-central1-api"},"extension":{},"message":"[runtime-status] [12120] Resolved module firebase-functions {\"declared\":true,\"installed\":true,\"version\":\"6.6.0\",\"resolution\":\"C:\\\\Users\\\\Gabriel Genaro\\\\Desktop\\\\Projeto-Curso\\\\ecommerce-api\\\\functions\\\\node_modules\\\\firebase-functions\\\\lib\\\\v2\\\\index.js\"}"}}
[debug] [2025-10-24T19:28:52.821Z] [runtime-status] [12120] Resolved module firebase-admin {"declared":true,"installed":true,"version":"13.5.0","resolution":"C:\\Users\\Gabriel Genaro\\Desktop\\Projeto-Curso\\ecommerce-api\\functions\\node_modules\\firebase-admin\\lib\\index.js"} {"metadata":{"emulator":{"name":"functions"},"function":{"name":"us-central1-api"},"extension":{},"message":"[runtime-status] [12120] Resolved module firebase-admin {\"declared\":true,\"installed\":true,\"version\":\"13.5.0\",\"resolution\":\"C:\\\\Users\\\\Gabriel Genaro\\\\Desktop\\\\Projeto-Curso\\\\ecommerce-api\\\\functions\\\\node_modules\\\\firebase-admin\\\\lib\\\\index.js\"}"}}
[debug] [2025-10-24T19:28:52.826Z] [runtime-status] [12120] Resolved module firebase-functions {"declared":true,"installed":true,"version":"6.6.0","resolution":"C:\\Users\\Gabriel Genaro\\Desktop\\Projeto-Curso\\ecommerce-api\\functions\\node_modules\\firebase-functions\\lib\\v2\\index.js"} {"metadata":{"emulator":{"name":"functions"},"function":{"name":"us-central1-api"},"extension":{},"message":"[runtime-status] [12120] Resolved module firebase-functions {\"declared\":true,\"installed\":true,\"version\":\"6.6.0\",\"resolution\":\"C:\\\\Users\\\\Gabriel Genaro\\\\Desktop\\\\Projeto-Curso\\\\ecommerce-api\\\\functions\\\\node_modules\\\\firebase-functions\\\\lib\\\\v2\\\\index.js\"}"}}
[debug] [2025-10-24T19:28:52.827Z] [runtime-status] [12120] firebase-admin has been stubbed. {"adminResolution":{"declared":true,"installed":true,"version":"13.5.0","resolution":"C:\\Users\\Gabriel Genaro\\Desktop\\Projeto-Curso\\ecommerce-api\\functions\\node_modules\\firebase-admin\\lib\\index.js"}} {"metadata":{"emulator":{"name":"functions"},"function":{"name":"us-central1-api"},"extension":{},"message":"[runtime-status] [12120] firebase-admin has been stubbed. {\"adminResolution\":{\"declared\":true,\"installed\":true,\"version\":\"13.5.0\",\"resolution\":\"C:\\\\Users\\\\Gabriel Genaro\\\\Desktop\\\\Projeto-Curso\\\\ecommerce-api\\\\functions\\\\node_modules\\\\firebase-admin\\\\lib\\\\index.js\"}}"}}
[debug] [2025-10-24T19:28:53.401Z] [runtime-status] [12120] Functions runtime initialized. {"cwd":"C:\\Users\\Gabriel Genaro\\Desktop\\Projeto-Curso\\ecommerce-api\\functions","node_version":"22.20.0"} {"metadata":{"emulator":{"name":"functions"},"function":{"name":"us-central1-api"},"extension":{},"message":"[runtime-status] [12120] Functions runtime initialized. {\"cwd\":\"C:\\\\Users\\\\Gabriel Genaro\\\\Desktop\\\\Projeto-Curso\\\\ecommerce-api\\\\functions\",\"node_version\":\"22.20.0\"}"}}
[debug] [2025-10-24T19:28:53.401Z] [runtime-status] [12120] Listening to port: \\?\pipe\fire_emu_3402761416e3823c {"metadata":{"emulator":{"name":"functions"},"function":{"name":"us-central1-api"},"extension":{},"message":"[runtime-status] [12120] Listening to port: \\\\?\\pipe\\fire_emu_3402761416e3823c"}}
[debug] [2025-10-24T19:28:53.418Z] [worker-us-central1-api-39cbbdbe-6eec-4838-9580-9d41cf4fe4bd]: IDLE {"metadata":{"emulator":{"name":"functions"},"function":{"name":"us-central1-api"},"extension":{},"message":"[worker-us-central1-api-39cbbdbe-6eec-4838-9580-9d41cf4fe4bd]: IDLE"}}
[debug] [2025-10-24T19:28:53.419Z] [worker-pool] submitRequest(triggerId=us-central1-api) {"metadata":{"emulator":{"name":"functions"},"message":"[worker-pool] submitRequest(triggerId=us-central1-api)"}}
[info] i  functions: Beginning execution of "us-central1-api" {"metadata":{"emulator":{"name":"functions"},"function":{"name":"us-central1-api"},"extension":{},"message":"Beginning execution of \"us-central1-api\""}}
[debug] [2025-10-24T19:28:53.420Z] [worker-us-central1-api-39cbbdbe-6eec-4838-9580-9d41cf4fe4bd]: BUSY {"metadata":{"emulator":{"name":"functions"},"function":{"name":"us-central1-api"},"extension":{},"message":"[worker-us-central1-api-39cbbdbe-6eec-4838-9580-9d41cf4fe4bd]: BUSY"}}
[debug] [2025-10-24T19:28:55.482Z] Finishing up request with event=pause {"metadata":{"emulator":{"name":"functions"},"function":{"name":"us-central1-api"},"extension":{},"message":"Finishing up request with event=pause"}}
[info] i  functions: Finished "us-central1-api" in 2062.2078ms {"metadata":{"emulator":{"name":"functions"},"function":{"name":"us-central1-api"},"extension":{},"message":"Finished \"us-central1-api\" in 2062.2078ms"}}
[debug] [2025-10-24T19:28:55.482Z] [worker-us-central1-api-39cbbdbe-6eec-4838-9580-9d41cf4fe4bd]: IDLE {"metadata":{"emulator":{"name":"functions"},"function":{"name":"us-central1-api"},"extension":{},"message":"[worker-us-central1-api-39cbbdbe-6eec-4838-9580-9d41cf4fe4bd]: IDLE"}}
[debug] [2025-10-24T19:28:55.482Z] Finishing up request with event=finish {"metadata":{"emulator":{"name":"functions"},"function":{"name":"us-central1-api"},"extension":{},"message":"Finishing up request with event=finish"}}
[debug] [2025-10-24T19:28:55.483Z] Finishing up request with event=close {"metadata":{"emulator":{"name":"functions"},"function":{"name":"us-central1-api"},"extension":{},"message":"Finishing up request with event=close"}}
[debug] [2025-10-24T19:28:55.483Z] [work-queue] {"queuedWork":[],"queueLength":0,"runningWork":[],"workRunningCount":0}
[debug] [2025-10-24T19:29:21.884Z] [work-queue] {"queuedWork":["/e-commerce-3a1e7/us-central1/api/companies-2025-10-24T19:29:21.884Z"],"queueLength":1,"runningWork":[],"workRunningCount":0}
[debug] [2025-10-24T19:29:21.884Z] [work-queue] {"queuedWork":[],"queueLength":0,"runningWork":["/e-commerce-3a1e7/us-central1/api/companies-2025-10-24T19:29:21.884Z"],"workRunningCount":1}
[debug] [2025-10-24T19:29:21.884Z] Accepted request GET /e-commerce-3a1e7/us-central1/api/companies --> us-central1-api
[debug] [2025-10-24T19:29:21.886Z] [functions] Runtime ready! Sending request! {"metadata":{"emulator":{"name":"functions"},"message":"[functions] Runtime ready! Sending request!"}}
[debug] [2025-10-24T19:29:21.886Z] [functions] Got req.url=/e-commerce-3a1e7/us-central1/api/companies, mapping to path=/companies {"metadata":{"emulator":{"name":"functions"},"message":"[functions] Got req.url=/e-commerce-3a1e7/us-central1/api/companies, mapping to path=/companies"}}
[debug] [2025-10-24T19:29:21.886Z] [worker-pool] submitRequest(triggerId=us-central1-api) {"metadata":{"emulator":{"name":"functions"},"message":"[worker-pool] submitRequest(triggerId=us-central1-api)"}}
[info] i  functions: Beginning execution of "us-central1-api" {"metadata":{"emulator":{"name":"functions"},"function":{"name":"us-central1-api"},"extension":{},"message":"Beginning execution of \"us-central1-api\""}}
[debug] [2025-10-24T19:29:21.887Z] [worker-us-central1-api-39cbbdbe-6eec-4838-9580-9d41cf4fe4bd]: BUSY {"metadata":{"emulator":{"name":"functions"},"function":{"name":"us-central1-api"},"extension":{},"message":"[worker-us-central1-api-39cbbdbe-6eec-4838-9580-9d41cf4fe4bd]: BUSY"}}
[warn] !  Google API requested!
   - URL: "https://oauth2.googleapis.com/token"
   - Be careful, this may be a production service. {"metadata":{"emulator":{"name":"functions"},"function":{"name":"us-central1-api"},"extension":{},"message":"Google API requested!\n   - URL: \"https://oauth2.googleapis.com/token\"\n   - Be careful, this may be a production service."}}
[debug] [2025-10-24T19:29:23.062Z] Finishing up request with event=pause {"metadata":{"emulator":{"name":"functions"},"function":{"name":"us-central1-api"},"extension":{},"message":"Finishing up request with event=pause"}}
[info] i  functions: Finished "us-central1-api" in 1175.4449ms {"metadata":{"emulator":{"name":"functions"},"function":{"name":"us-central1-api"},"extension":{},"message":"Finished \"us-central1-api\" in 1175.4449ms"}}
[debug] [2025-10-24T19:29:23.063Z] [worker-us-central1-api-39cbbdbe-6eec-4838-9580-9d41cf4fe4bd]: IDLE {"metadata":{"emulator":{"name":"functions"},"function":{"name":"us-central1-api"},"extension":{},"message":"[worker-us-central1-api-39cbbdbe-6eec-4838-9580-9d41cf4fe4bd]: IDLE"}}
[debug] [2025-10-24T19:29:23.063Z] Finishing up request with event=finish {"metadata":{"emulator":{"name":"functions"},"function":{"name":"us-central1-api"},"extension":{},"message":"Finishing up request with event=finish"}}
[debug] [2025-10-24T19:29:23.063Z] Finishing up request with event=close {"metadata":{"emulator":{"name":"functions"},"function":{"name":"us-central1-api"},"extension":{},"message":"Finishing up request with event=close"}}
[debug] [2025-10-24T19:29:23.063Z] [work-queue] {"queuedWork":[],"queueLength":0,"runningWork":[],"workRunningCount":0}
[debug] [2025-10-24T19:29:30.157Z] [work-queue] {"queuedWork":["/e-commerce-3a1e7/us-central1/api/companies/Emjb5J30mk0A9c22WMIM-2025-10-24T19:29:30.157Z"],"queueLength":1,"runningWork":[],"workRunningCount":0}
[debug] [2025-10-24T19:29:30.158Z] [work-queue] {"queuedWork":[],"queueLength":0,"runningWork":["/e-commerce-3a1e7/us-central1/api/companies/Emjb5J30mk0A9c22WMIM-2025-10-24T19:29:30.157Z"],"workRunningCount":1}
[debug] [2025-10-24T19:29:30.158Z] Accepted request GET /e-commerce-3a1e7/us-central1/api/companies/Emjb5J30mk0A9c22WMIM --> us-central1-api
[debug] [2025-10-24T19:29:30.160Z] [functions] Runtime ready! Sending request! {"metadata":{"emulator":{"name":"functions"},"message":"[functions] Runtime ready! Sending request!"}}
[debug] [2025-10-24T19:29:30.160Z] [functions] Got req.url=/e-commerce-3a1e7/us-central1/api/companies/Emjb5J30mk0A9c22WMIM, mapping to path=/companies/Emjb5J30mk0A9c22WMIM {"metadata":{"emulator":{"name":"functions"},"message":"[functions] Got req.url=/e-commerce-3a1e7/us-central1/api/companies/Emjb5J30mk0A9c22WMIM, mapping to path=/companies/Emjb5J30mk0A9c22WMIM"}}
[debug] [2025-10-24T19:29:30.160Z] [worker-pool] submitRequest(triggerId=us-central1-api) {"metadata":{"emulator":{"name":"functions"},"message":"[worker-pool] submitRequest(triggerId=us-central1-api)"}}
[info] i  functions: Beginning execution of "us-central1-api" {"metadata":{"emulator":{"name":"functions"},"function":{"name":"us-central1-api"},"extension":{},"message":"Beginning execution of \"us-central1-api\""}}
[debug] [2025-10-24T19:29:30.161Z] [worker-us-central1-api-39cbbdbe-6eec-4838-9580-9d41cf4fe4bd]: BUSY {"metadata":{"emulator":{"name":"functions"},"function":{"name":"us-central1-api"},"extension":{},"message":"[worker-us-central1-api-39cbbdbe-6eec-4838-9580-9d41cf4fe4bd]: BUSY"}}
[info] >  NotFoundError: Empresa não encontrada! {"user":"NotFoundError: Empresa não encontrada!","metadata":{"emulator":{"name":"functions"},"function":{"name":"us-central1-api"},"extension":{},"message":"\u001b[90m> \u001b[39m NotFoundError: Empresa não encontrada!"}}
[info] >      at CompanyService.getById (file:///C:/Users/Gabriel%20Genaro/Desktop/Projeto-Curso/ecommerce-api/functions/lib/services/company.service.js:18:19) {"user":"    at CompanyService.getById (file:///C:/Users/Gabriel%20Genaro/Desktop/Projeto-Curso/ecommerce-api/functions/lib/services/company.service.js:18:19)","metadata":{"emulator":{"name":"functions"},"function":{"name":"us-central1-api"},"extension":{},"message":"\u001b[90m> \u001b[39m     at CompanyService.getById (file:///C:/Users/Gabriel%20Genaro/Desktop/Projeto-Curso/ecommerce-api/functions/lib/services/company.service.js:18:19)"}}
[info] >      at process.processTicksAndRejections (node:internal/process/task_queues:105:5) {"user":"    at process.processTicksAndRejections (node:internal/process/task_queues:105:5)","metadata":{"emulator":{"name":"functions"},"function":{"name":"us-central1-api"},"extension":{},"message":"\u001b[90m> \u001b[39m     at process.processTicksAndRejections (node:internal/process/task_queues:105:5)"}}
[info] >      at async getById (file:///C:/Users/Gabriel%20Genaro/Desktop/Projeto-Curso/ecommerce-api/functions/lib/controllers/companies.controller.js:8:18) { {"user":"    at async getById (file:///C:/Users/Gabriel%20Genaro/Desktop/Projeto-Curso/ecommerce-api/functions/lib/controllers/companies.controller.js:8:18) {","metadata":{"emulator":{"name":"functions"},"function":{"name":"us-central1-api"},"extension":{},"message":"\u001b[90m> \u001b[39m     at async getById (file:///C:/Users/Gabriel%20Genaro/Desktop/Projeto-Curso/ecommerce-api/functions/lib/controllers/companies.controller.js:8:18) {"}}
[info] >    status: 404 {"user":"  status: 404","metadata":{"emulator":{"name":"functions"},"function":{"name":"us-central1-api"},"extension":{},"message":"\u001b[90m> \u001b[39m   status: 404"}}
[info] >  } {"user":"}","metadata":{"emulator":{"name":"functions"},"function":{"name":"us-central1-api"},"extension":{},"message":"\u001b[90m> \u001b[39m }"}}
[debug] [2025-10-24T19:29:30.693Z] Finishing up request with event=pause {"metadata":{"emulator":{"name":"functions"},"function":{"name":"us-central1-api"},"extension":{},"message":"Finishing up request with event=pause"}}
[info] i  functions: Finished "us-central1-api" in 532.3445ms {"metadata":{"emulator":{"name":"functions"},"function":{"name":"us-central1-api"},"extension":{},"message":"Finished \"us-central1-api\" in 532.3445ms"}}
[debug] [2025-10-24T19:29:30.693Z] [worker-us-central1-api-39cbbdbe-6eec-4838-9580-9d41cf4fe4bd]: IDLE {"metadata":{"emulator":{"name":"functions"},"function":{"name":"us-central1-api"},"extension":{},"message":"[worker-us-central1-api-39cbbdbe-6eec-4838-9580-9d41cf4fe4bd]: IDLE"}}
[debug] [2025-10-24T19:29:30.694Z] Finishing up request with event=finish {"metadata":{"emulator":{"name":"functions"},"function":{"name":"us-central1-api"},"extension":{},"message":"Finishing up request with event=finish"}}
[debug] [2025-10-24T19:29:30.694Z] Finishing up request with event=close {"metadata":{"emulator":{"name":"functions"},"function":{"name":"us-central1-api"},"extension":{},"message":"Finishing up request with event=close"}}
[debug] [2025-10-24T19:29:30.694Z] [work-queue] {"queuedWork":[],"queueLength":0,"runningWork":[],"workRunningCount":0}
